info it worked if it ends with ok
verbose cli [ '/usr/bin/nodejs', '/usr/bin/npm', 'install', '-g', 'node-java' ]
info using npm@1.1.4
info using node@v0.6.19
verbose config file /home/aaron/.npmrc
verbose config file /usr/etc/npmrc
verbose config file /usr/share/npm/npmrc
silly exec /usr/bin/nodejs "/usr/share/npm/bin/npm-get-uid-gid.js" "nobody" 1000
silly spawning [ '/usr/bin/nodejs',
silly spawning   [ '/usr/share/npm/bin/npm-get-uid-gid.js', 'nobody', 1000 ],
silly spawning   null ]
silly output from getuid/gid {"uid":65534,"gid":1000}
silly output from getuid/gid 
verbose cache add [ 'node-java', null ]
silly cache add: name, spec, args [ undefined, 'node-java', [ 'node-java', null ] ]
verbose parsed url { pathname: 'node-java', path: 'node-java', href: 'node-java' }
verbose addNamed [ 'node-java', '' ]
verbose addNamed [ null, '' ]
silly name, range, hasData [ 'node-java', '', false ]
verbose raw, before any munging node-java
verbose url resolving [ 'https://registry.npmjs.org/', './node-java' ]
verbose url resolved https://registry.npmjs.org/node-java
http GET https://registry.npmjs.org/node-java
http 404 https://registry.npmjs.org/node-java
silly get cb [ 404,
silly get cb   { server: 'CouchDB/1.3.0 (Erlang OTP/R15B03)',
silly get cb     date: 'Tue, 07 May 2013 15:21:13 GMT',
silly get cb     'content-type': 'application/json',
silly get cb     'content-length': '52',
silly get cb     'cache-control': 'must-revalidate' } ]
ERR! 404 'node-java' is not in the npm registry.
ERR! 404 You should bug the author to publish it
ERR! 404 Maybe try 'npm search java'
ERR! 404 Note that you can also install from a
ERR! 404 tarball, folder, or http url, or git url.
ERR! 
ERR! System Linux 3.8.0-19-generic
ERR! command "/usr/bin/nodejs" "/usr/bin/npm" "install" "-g" "node-java"
ERR! cwd /home/aaron/Dropbox/Documents/Code/ninja-viewer/public/data/rails_rails
ERR! node -v v0.6.19
ERR! npm -v 1.1.4
ERR! code E404
ERR! message 404 Not Found: node-java
ERR! errno {}
verbose exit [ 1, true ]
